#
# There is insufficient memory for the Java Runtime Environment to continue.
# Native memory allocation (mmap) failed to map 130023424 bytes for G1 virtual space
# Possible reasons:
#   The system is out of physical RAM or swap space
#   The process is running with CompressedOops enabled, and the Java Heap may be blocking the growth of the native heap
# Possible solutions:
#   Reduce memory load on the system
#   Increase physical memory or swap space
#   Check if swap backing store is full
#   Decrease Java heap size (-Xmx/-Xms)
#   Decrease number of Java threads
#   Decrease Java thread stack sizes (-Xss)
#   Set larger code cache with -XX:ReservedCodeCacheSize=
#   JVM is running with Unscaled Compressed Oops mode in which the Java heap is
#     placed in the first 4GB address space. The Java Heap base address is the
#     maximum limit for the native heap growth. Please use -XX:HeapBaseMinAddress
#     to set the Java Heap base and to place the Java Heap above 4GB virtual address.
# This output file may be truncated or incomplete.
#
#  Out of Memory Error (os_windows.cpp:3600), pid=22052, tid=23528
#
# JRE version:  (21.0.5+9) (build )
# Java VM: Java HotSpot(TM) 64-Bit Server VM (21.0.5+9-LTS-239, mixed mode, sharing, tiered, compressed oops, compressed class ptrs, g1 gc, windows-amd64)
# No core dump will be written. Minidumps are not enabled by default on client versions of Windows
#

---------------  S U M M A R Y ------------

Command Line: -Dclassworlds.conf=C:\Users\priya\.m2\wrapper\dists\apache-maven-3.9.14\ed7edd442f634ac1c1ef5ba2b61b6d690b5221091f1a8e1123f5fadcc967520d\bin\m2.conf -Dmaven.home=C:\Users\priya\.m2\wrapper\dists\apache-maven-3.9.14\ed7edd442f634ac1c1ef5ba2b61b6d690b5221091f1a8e1123f5fadcc967520d -Dlibrary.jansi.path=C:\Users\priya\.m2\wrapper\dists\apache-maven-3.9.14\ed7edd442f634ac1c1ef5ba2b61b6d690b5221091f1a8e1123f5fadcc967520d\lib\jansi-native -Dmaven.multiModuleProjectDirectory=D:\HclProject\ride\backend\ride org.codehaus.plexus.classworlds.launcher.Launcher clean compile -X

Host: 12th Gen Intel(R) Core(TM) i5-1235U, 12 cores, 7G,  Windows 11 , 64 bit Build 26100 (10.0.26100.8115)
Time: Mon Apr  6 21:41:36 2026 India Standard Time elapsed time: 0.028267 seconds (0d 0h 0m 0s)

---------------  T H R E A D  ---------------

Current thread (0x000001ac8144b8c0):  JavaThread "Unknown thread" [_thread_in_vm, id=23528, stack(0x000000825a700000,0x000000825a800000) (1024K)]

Stack: [0x000000825a700000,0x000000825a800000]
Native frames: (J=compiled Java code, j=interpreted, Vv=VM code, C=native code)
V  [jvm.dll+0x6ca289]
V  [jvm.dll+0x854a51]
V  [jvm.dll+0x856f7e]
V  [jvm.dll+0x857653]
V  [jvm.dll+0x27dd26]
V  [jvm.dll+0x6c6a25]
V  [jvm.dll+0x6bb5aa]
V  [jvm.dll+0x35359a]
V  [jvm.dll+0x35b1f6]
V  [jvm.dll+0x3adade]
V  [jvm.dll+0x3add88]
V  [jvm.dll+0x3278fc]
V  [jvm.dll+0x32845b]
V  [jvm.dll+0x81de19]
V  [jvm.dll+0x3ba7c1]
V  [jvm.dll+0x807168]
V  [jvm.dll+0x44f96e]
V  [jvm.dll+0x451561]
C  [jli.dll+0x52a3]
C  [ucrtbase.dll+0x37b0]
C  [KERNEL32.DLL+0x2e8d7]
C  [ntdll.dll+0x8c3fc]


---------------  P R O C E S S  ---------------

Threads class SMR info:
_java_thread_list=0x00007ff801f5ac08, length=0, elements={
}

Java Threads: ( => current thread )
Total: 0

Other Threads:
  0x000001acff063aa0 WorkerThread "GC Thread#0"                     [id=18012, stack(0x000000825a800000,0x000000825a900000) (1024K)]
  0x000001ac814ad3a0 ConcurrentGCThread "G1 Main Marker"            [id=10036, stack(0x000000825a900000,0x000000825aa00000) (1024K)]
  0x000001acff063360 WorkerThread "G1 Conc#0"                       [id=15528, stack(0x000000825aa00000,0x000000825ab00000) (1024K)]

[error occurred during error reporting (printing all threads), id 0xc0000005, EXCEPTION_ACCESS_VIOLATION (0xc0000005) at pc=0x00007ff8016ca087]
VM state: not at safepoint (not fully initialized)

VM Mutex/Monitor currently owned by a thread:  ([mutex/lock_event])
[0x00007ff801fcbf98] Heap_lock - owner thread: 0x000001ac8144b8c0

Heap address: 0x0000000084e00000, size: 1970 MB, Compressed Oops mode: 32-bit

CDS archive(s) mapped at: [0x0000000000000000-0x0000000000000000-0x0000000000000000), size 0, SharedBaseAddress: 0x0000000800000000, ArchiveRelocationMode: 1.
Narrow klass base: 0x0000000000000000, Narrow klass shift: 0, Narrow klass range: 0x0

GC Precious Log:
 CardTable entry size: 512
 Card Set container configuration: InlinePtr #cards 5 size 8 Array Of Cards #cards 12 size 40 Howl #buckets 4 coarsen threshold 1843 Howl Bitmap #cards 512 size 80 coarsen threshold 460 Card regions per heap region 1 cards per card region 2048

Heap:
 garbage-first heap   total 0K, used 0K [0x0000000084e00000, 0x0000000100000000)
  region size 1024K, 0 young (0K), 0 survivors (0K)

[error occurred during error reporting (printing heap information), id 0xc0000005, EXCEPTION_ACCESS_VIOLATION (0xc0000005) at pc=0x00007ff801ab3259]
GC Heap History (0 events):
No events

Dll operation events (1 events):
Event: 0.022 Loaded shared library C:\Program Files\Java\jdk-21\bin\java.dll

Deoptimization events (0 events):
No events

Classes loaded (0 events):
No events

Classes unloaded (0 events):
No events

Classes redefined (0 events):
No events

Internal exceptions (0 events):
No events

ZGC Phase Switch (0 events):
No events

VM Operations (0 events):
No events

Events (0 events):
No events


Dynamic libraries:
0x00007ff7f9320000 - 0x00007ff7f9330000 	C:\Program Files\Java\jdk-21\bin\java.exe
0x00007ff8c9b00000 - 0x00007ff8c9d67000 	C:\WINDOWS\SYSTEM32\ntdll.dll
0x00007ff8c7fc0000 - 0x00007ff8c8089000 	C:\WINDOWS\System32\KERNEL32.DLL
0x00007ff8c6620000 - 0x00007ff8c6a14000 	C:\WINDOWS\System32\KERNELBASE.dll
0x00007ff8c75f0000 - 0x00007ff8c773b000 	C:\WINDOWS\System32\ucrtbase.dll
0x00007ff887660000 - 0x00007ff887679000 	C:\Program Files\Java\jdk-21\bin\jli.dll
0x00007ff8c8450000 - 0x00007ff8c8506000 	C:\WINDOWS\System32\ADVAPI32.dll
0x00007ff883640000 - 0x00007ff88365b000 	C:\Program Files\Java\jdk-21\bin\VCRUNTIME140.dll
0x00007ff8c9a10000 - 0x00007ff8c9ab9000 	C:\WINDOWS\System32\msvcrt.dll
0x00007ff8c8810000 - 0x00007ff8c88b7000 	C:\WINDOWS\System32\sechost.dll
0x00007ff8c86f0000 - 0x00007ff8c8808000 	C:\WINDOWS\System32\RPCRT4.dll
0x00007ff8c8520000 - 0x00007ff8c86e5000 	C:\WINDOWS\System32\USER32.dll
0x00007ff8c65f0000 - 0x00007ff8c6617000 	C:\WINDOWS\System32\win32u.dll
0x00007ff8c7f20000 - 0x00007ff8c7f4b000 	C:\WINDOWS\System32\GDI32.dll
0x00007ff8c7410000 - 0x00007ff8c753a000 	C:\WINDOWS\System32\gdi32full.dll
0x00007ff8c63d0000 - 0x00007ff8c6473000 	C:\WINDOWS\System32\msvcp_win.dll
0x00007ff8a8ed0000 - 0x00007ff8a9163000 	C:\WINDOWS\WinSxS\amd64_microsoft.windows.common-controls_6595b64144ccf1df_6.0.26100.8115_none_3e075c82e3354f9c\COMCTL32.dll
0x00007ff8a8480000 - 0x00007ff8a848b000 	C:\WINDOWS\SYSTEM32\VERSION.dll
0x00007ff8c99d0000 - 0x00007ff8c9a02000 	C:\WINDOWS\System32\IMM32.DLL
0x00007ff8b4f10000 - 0x00007ff8b4f1c000 	C:\Program Files\Java\jdk-21\bin\vcruntime140_1.dll
0x00007ff86a740000 - 0x00007ff86a7ce000 	C:\Program Files\Java\jdk-21\bin\msvcp140.dll
0x00007ff801390000 - 0x00007ff8020a8000 	C:\Program Files\Java\jdk-21\bin\server\jvm.dll
0x00007ff8c7e60000 - 0x00007ff8c7ee0000 	C:\WINDOWS\System32\WS2_32.dll
0x00007ff8c6250000 - 0x00007ff8c62ae000 	C:\WINDOWS\SYSTEM32\POWRPROF.dll
0x00007ff8c33d0000 - 0x00007ff8c3406000 	C:\WINDOWS\SYSTEM32\WINMM.dll
0x00007ff8c6230000 - 0x00007ff8c6244000 	C:\WINDOWS\SYSTEM32\UMPDC.dll
0x00007ff8c5130000 - 0x00007ff8c514b000 	C:\WINDOWS\SYSTEM32\kernel.appcore.dll
0x00007ff8b0980000 - 0x00007ff8b098a000 	C:\Program Files\Java\jdk-21\bin\jimage.dll
0x00007ff8c4260000 - 0x00007ff8c44a2000 	C:\WINDOWS\SYSTEM32\DBGHELP.DLL
0x00007ff8c8ed0000 - 0x00007ff8c9252000 	C:\WINDOWS\System32\combase.dll
0x00007ff8c88c0000 - 0x00007ff8c8997000 	C:\WINDOWS\System32\OLEAUT32.dll
0x00007ff8a5a20000 - 0x00007ff8a5a5b000 	C:\WINDOWS\SYSTEM32\dbgcore.DLL
0x00007ff8c7540000 - 0x00007ff8c75e5000 	C:\WINDOWS\System32\bcryptPrimitives.dll
0x00007ff875e20000 - 0x00007ff875e3f000 	C:\Program Files\Java\jdk-21\bin\java.dll

dbghelp: loaded successfully - version: 4.0.5 - missing functions: none
symbol engine: initialized successfully - sym options: 0x614 - pdb path: .;C:\Program Files\Java\jdk-21\bin;C:\WINDOWS\SYSTEM32;C:\WINDOWS\WinSxS\amd64_microsoft.windows.common-controls_6595b64144ccf1df_6.0.26100.8115_none_3e075c82e3354f9c;C:\Program Files\Java\jdk-21\bin\server

VM Arguments:
jvm_args: -Dclassworlds.conf=C:\Users\priya\.m2\wrapper\dists\apache-maven-3.9.14\ed7edd442f634ac1c1ef5ba2b61b6d690b5221091f1a8e1123f5fadcc967520d\bin\m2.conf -Dmaven.home=C:\Users\priya\.m2\wrapper\dists\apache-maven-3.9.14\ed7edd442f634ac1c1ef5ba2b61b6d690b5221091f1a8e1123f5fadcc967520d -Dlibrary.jansi.path=C:\Users\priya\.m2\wrapper\dists\apache-maven-3.9.14\ed7edd442f634ac1c1ef5ba2b61b6d690b5221091f1a8e1123f5fadcc967520d\lib\jansi-native -Dmaven.multiModuleProjectDirectory=D:\HclProject\ride\backend\ride 
java_command: org.codehaus.plexus.classworlds.launcher.Launcher clean compile -X
java_class_path (initial): C:\Users\priya\.m2\wrapper\dists\apache-maven-3.9.14\ed7edd442f634ac1c1ef5ba2b61b6d690b5221091f1a8e1123f5fadcc967520d\boot\plexus-classworlds-2.9.0.jar
Launcher Type: SUN_STANDARD

[Global flags]
     intx CICompilerCount                          = 4                                         {product} {ergonomic}
     uint ConcGCThreads                            = 3                                         {product} {ergonomic}
     uint G1ConcRefinementThreads                  = 10                                        {product} {ergonomic}
   size_t G1HeapRegionSize                         = 1048576                                   {product} {ergonomic}
    uintx GCDrainStackTargetSize                   = 64                                        {product} {ergonomic}
   size_t InitialHeapSize                          = 130023424                                 {product} {ergonomic}
   size_t MarkStackSize                            = 4194304                                   {product} {ergonomic}
   size_t MaxHeapSize                              = 2065694720                                {product} {ergonomic}
   size_t MinHeapDeltaBytes                        = 1048576                                   {product} {ergonomic}
   size_t MinHeapSize                              = 8388608                                   {product} {ergonomic}
    uintx NonNMethodCodeHeapSize                   = 5839372                                {pd product} {ergonomic}
    uintx NonProfiledCodeHeapSize                  = 122909434                              {pd product} {ergonomic}
    uintx ProfiledCodeHeapSize                     = 122909434                              {pd product} {ergonomic}
    uintx ReservedCodeCacheSize                    = 251658240                              {pd product} {ergonomic}
     bool SegmentedCodeCache                       = true                                      {product} {ergonomic}
   size_t SoftMaxHeapSize                          = 2065694720                             {manageable} {ergonomic}
     bool UseCompressedOops                        = true                           {product lp64_product} {ergonomic}
     bool UseG1GC                                  = true                                      {product} {ergonomic}
     bool UseLargePagesIndividualAllocation        = false                                  {pd product} {ergonomic}

Logging:
Log output configuration:
 #0: stdout all=warning uptime,level,tags foldmultilines=false
 #1: stderr all=off uptime,level,tags foldmultilines=false

Environment Variables:
PATH=C:\Program Files\Python313\Scripts\;C:\Program Files\Python313\;C:\Program Files\Common Files\Oracle\Java\javapath;C:\Program Files (x86)\Common Files\Oracle\Java\javapath;C:\WINDOWS\system32;C:\WINDOWS;C:\WINDOWS\System32\Wbem;C:\WINDOWS\System32\WindowsPowerShell\v1.0\;C:\WINDOWS\System32\OpenSSH\;C:\Program Files\dotnet\;C:\Program Files\Git\cmd;C:\Program Files\nodejs\;C:\Program Files\apache-maven-3.9.12\bin;C:\Program Files\Docker\Docker\resources\bin;C:\Program Files\MySQL\MySQL Shell 8.0\bin\;C:\Users\priya\AppData\Local\Programs\Python\Python312\Scripts\;C:\Users\priya\AppData\Local\Programs\Python\Python312\;C:\Users\priya\AppData\Local\Programs\Python\Launcher\;C:\Users\priya\AppData\Local\Microsoft\WindowsApps;C:\Users\priya\AppData\Local\Programs\Microsoft VS Code\bin;C:\Users\priya\Downloads\winlibs-x86_64-posix-seh-gcc-14.2.0-mingw-w64msvcrt-12.0.0-r2\mingw64\bin;C:\Users\priya\AppData\Roaming\npm;C:\Users\priya\AppData\Local\GitHubDesktop\bin;C:\Users\priya\AppData\Local\Programs\cursor\resources\app\bin;C:\Users\priya\AppData\Local\Programs\Antigravity\bin
USERNAME=priya
LANG=en_US.UTF-8
OS=Windows_NT
PROCESSOR_IDENTIFIER=Intel64 Family 6 Model 154 Stepping 4, GenuineIntel
TMP=C:\Users\priya\AppData\Local\Temp
TEMP=C:\Users\priya\AppData\Local\Temp




Periodic native trim disabled

---------------  S Y S T E M  ---------------

OS:
 Windows 11 , 64 bit Build 26100 (10.0.26100.8115)
OS uptime: 3 days 3:05 hours
Hyper-V role detected

CPU: total 12 (initial active 12) (6 cores per cpu, 2 threads per core) family 6 model 154 stepping 4 microcode 0x43b, cx8, cmov, fxsr, ht, mmx, 3dnowpref, sse, sse2, sse3, ssse3, sse4.1, sse4.2, popcnt, lzcnt, tsc, tscinvbit, avx, avx2, aes, erms, clmul, bmi1, bmi2, adx, sha, fma, vzeroupper, clflush, clflushopt, clwb, hv, serialize, rdtscp, rdpid, fsrm, f16c, cet_ibt, cet_ss
Processor Information for all 12 processors :
  Max Mhz: 1300, Current Mhz: 1300, Mhz Limit: 1300

Memory: 4k page, system-wide physical 7876M (651M free)
TotalPageFile size 20641M (AvailPageFile size 114M)
current process WorkingSet (physical memory assigned to process): 13M, peak: 13M
current process commit charge ("private bytes"): 64M, peak: 188M

vm_info: Java HotSpot(TM) 64-Bit Server VM (21.0.5+9-LTS-239) for windows-amd64 JRE (21.0.5+9-LTS-239), built on 2024-09-30T05:17:38Z by "mach5one" with MS VC++ 17.6 (VS2022)

END.
